Log file open, 01/02/18 00:13:33
LogWindows: Failed to load 'aqProf.dll' (GetLastError=126)
LogWindows: File 'aqProf.dll' does not exist
LogWindows: Failed to load 'VSPerf140.dll' (GetLastError=126)
LogWindows: File 'VSPerf140.dll' does not exist
LogWindows: Failed to load 'VtuneApi.dll' (GetLastError=126)
LogWindows: File 'VtuneApi.dll' does not exist
LogWindows: Failed to load 'VtuneApi32e.dll' (GetLastError=126)
LogWindows: File 'VtuneApi32e.dll' does not exist
LogInit: Display: Running engine for game: UnrealVR
LogPlatformFile: Not using cached read wrapper
LogInit: Display: RandInit(-1169760836) SRandInit(-1169760836).
LogInit: Read version file with build ID '3709383'
LogInit: Overriding engine version to CL 3794801, compatible CL 3709383
LogInit: Registered custom module enumerator with build ID '3709383'
LogTaskGraph: Started task graph with 5 named threads and 14 total threads with 3 sets of task threads.
LogStats: Stats thread started at 0.189626
LogD3D11RHI: Aftermath initialized
LogModuleManager: Display: Found up-to-date module file ../../../Engine/Plugins/2D/Paper2D/Binaries/Win64/UE4Editor-Paper2D.dll (API version 3709383).
LogModuleManager: Display: Found up-to-date module file ../../../Engine/Plugins/2D/Paper2D/Binaries/Win64/UE4Editor-Paper2DEditor.dll (API version 3709383).
LogModuleManager: Display: Found up-to-date module file ../../../Engine/Plugins/2D/Paper2D/Binaries/Win64/UE4Editor-PaperSpriteSheetImporter.dll (API version 3709383).
LogModuleManager: Display: Found up-to-date module file ../../../Engine/Plugins/2D/Paper2D/Binaries/Win64/UE4Editor-PaperTiledImporter.dll (API version 3709383).
LogModuleManager: Display: Found up-to-date module file ../../../Engine/Plugins/2D/Paper2D/Binaries/Win64/UE4Editor-SmartSnapping.dll (API version 3709383).
LogModuleManager: Display: Found up-to-date module file ../../../Engine/Plugins/Blendables/LightPropagationVolume/Binaries/Win64/UE4Editor-LightPropagationVolumeRuntime.dll (API version 3709383).
LogModuleManager: Display: Found up-to-date module file ../../../Engine/Plugins/Blendables/LightPropagationVolume/Binaries/Win64/UE4Editor-LightPropagationVolumeEditor.dll (API version 3709383).
LogModuleManager: Display: Found up-to-date module file ../../../Engine/Plugins/Developer/GitSourceControl/Binaries/Win64/UE4Editor-GitSourceControl.dll (API version 3709383).
LogModuleManager: Display: Found up-to-date module file ../../../Engine/Plugins/Developer/PerforceSourceControl/Binaries/Win64/UE4Editor-PerforceSourceControl.dll (API version 3709383).
LogModuleManager: Display: Found up-to-date module file ../../../Engine/Plugins/Developer/SubversionSourceControl/Binaries/Win64/UE4Editor-SubversionSourceControl.dll (API version 3709383).
LogModuleManager: Display: Found up-to-date module file ../../../Engine/Plugins/Developer/UObjectPlugin/Binaries/Win64/UE4Editor-UObjectPlugin.dll (API version 3709383).
LogModuleManager: Display: Found up-to-date module file ../../../Engine/Plugins/Developer/VisualStudioCodeSourceCodeAccess/Binaries/Win64/UE4Editor-VisualStudioCodeSourceCodeAccess.dll (API version 3709383).
LogModuleManager: Display: Found up-to-date module file ../../../Engine/Plugins/Developer/VisualStudioSourceCodeAccess/Binaries/Win64/UE4Editor-VisualStudioSourceCodeAccess.dll (API version 3709383).
LogModuleManager: Display: Found up-to-date module file ../../../Engine/Plugins/Editor/AssetManagerEditor/Binaries/Win64/UE4Editor-AssetManagerEditor.dll (API version 3709383).
LogModuleManager: Display: Found up-to-date module file ../../../Engine/Plugins/Editor/AudioCapture/Binaries/Win64/UE4Editor-AudioCapture.dll (API version 3709383).
LogModuleManager: Display: Found up-to-date module file ../../../Engine/Plugins/Editor/FacialAnimation/Binaries/Win64/UE4Editor-FacialAnimation.dll (API version 3709383).
LogModuleManager: Display: Found up-to-date module file ../../../Engine/Plugins/Editor/FacialAnimation/Binaries/Win64/UE4Editor-FacialAnimationEditor.dll (API version 3709383).
LogModuleManager: Display: Found up-to-date module file ../../../Engine/Plugins/Editor/GameplayTagsEditor/Binaries/Win64/UE4Editor-GameplayTagsEditor.dll (API version 3709383).
LogModuleManager: Display: Found up-to-date module file ../../../Engine/Plugins/Editor/MobileLauncherProfileWizard/Binaries/Win64/UE4Editor-MobileLauncherProfileWizard.dll (API version 3709383).
LogModuleManager: Display: Found up-to-date module file ../../../Engine/Plugins/Editor/PluginBrowser/Binaries/Win64/UE4Editor-PluginBrowser.dll (API version 3709383).
LogModuleManager: Display: Found up-to-date module file ../../../Engine/Plugins/Editor/SpeedTreeImporter/Binaries/Win64/UE4Editor-SpeedTreeImporter.dll (API version 3709383).
LogModuleManager: Display: Found up-to-date module file ../../../Engine/Plugins/Experimental/AlembicImporter/Binaries/Win64/UE4Editor-AlembicImporter.dll (API version 3709383).
LogModuleManager: Display: Found up-to-date module file ../../../Engine/Plugins/Experimental/AlembicImporter/Binaries/Win64/UE4Editor-AlembicLibrary.dll (API version 3709383).
LogModuleManager: Display: Found up-to-date module file ../../../Engine/Plugins/Experimental/CharacterAI/Binaries/Win64/UE4Editor-CharacterAI.dll (API version 3709383).
LogModuleManager: Display: Found up-to-date module file ../../../Engine/Plugins/Experimental/HTML5Networking/Binaries/Win64/UE4Editor-HTML5Networking.dll (API version 3709383).
LogModuleManager: Display: Found up-to-date module file ../../../Engine/Plugins/Media/AndroidMedia/Binaries/Win64/UE4Editor-AndroidMediaEditor.dll (API version 3709383).
LogModuleManager: Display: Found up-to-date module file ../../../Engine/Plugins/Media/AndroidMedia/Binaries/Win64/UE4Editor-AndroidMediaFactory.dll (API version 3709383).
LogModuleManager: Display: Found up-to-date module file ../../../Engine/Plugins/Media/AvfMedia/Binaries/Win64/UE4Editor-AvfMediaEditor.dll (API version 3709383).
LogModuleManager: Display: Found up-to-date module file ../../../Engine/Plugins/Media/AvfMedia/Binaries/Win64/UE4Editor-AvfMediaFactory.dll (API version 3709383).
LogModuleManager: Display: Found up-to-date module file ../../../Engine/Plugins/Media/AvfMedia/Binaries/Win64/UE4Editor-AvfMediaFactory.dll (API version 3709383).
LogModuleManager: Display: Found up-to-date module file ../../../Engine/Plugins/Media/ImgMedia/Binaries/Win64/UE4Editor-ImgMedia.dll (API version 3709383).
LogModuleManager: Display: Found up-to-date module file ../../../Engine/Plugins/Media/ImgMedia/Binaries/Win64/UE4Editor-ImgMediaEditor.dll (API version 3709383).
LogModuleManager: Display: Found up-to-date module file ../../../Engine/Plugins/Media/ImgMedia/Binaries/Win64/UE4Editor-ImgMediaFactory.dll (API version 3709383).
LogModuleManager: Display: Found up-to-date module file ../../../Engine/Plugins/Media/ImgMedia/Binaries/Win64/UE4Editor-ImgMediaFactory.dll (API version 3709383).
LogModuleManager: Display: Found up-to-date module file ../../../Engine/Plugins/Media/ImgMedia/Binaries/Win64/UE4Editor-OpenExrWrapper.dll (API version 3709383).
LogModuleManager: Display: Found up-to-date module file ../../../Engine/Plugins/Media/MediaCompositing/Binaries/Win64/UE4Editor-MediaCompositing.dll (API version 3709383).
LogModuleManager: Display: Found up-to-date module file ../../../Engine/Plugins/Media/MediaCompositing/Binaries/Win64/UE4Editor-MediaCompositingEditor.dll (API version 3709383).
LogModuleManager: Display: Found up-to-date module file ../../../Engine/Plugins/Media/MediaPlayerEditor/Binaries/Win64/UE4Editor-MediaPlayerEditor.dll (API version 3709383).
LogModuleManager: Display: Found up-to-date module file ../../../Engine/Plugins/Media/WmfMedia/Binaries/Win64/UE4Editor-WmfMedia.dll (API version 3709383).
LogModuleManager: Display: Found up-to-date module file ../../../Engine/Plugins/Media/WmfMedia/Binaries/Win64/UE4Editor-WmfMediaEditor.dll (API version 3709383).
LogModuleManager: Display: Found up-to-date module file ../../../Engine/Plugins/Media/WmfMedia/Binaries/Win64/UE4Editor-WmfMediaFactory.dll (API version 3709383).
LogModuleManager: Display: Found up-to-date module file ../../../Engine/Plugins/Media/WmfMedia/Binaries/Win64/UE4Editor-WmfMediaFactory.dll (API version 3709383).
LogModuleManager: Display: Found up-to-date module file ../../../Engine/Plugins/Messaging/TcpMessaging/Binaries/Win64/UE4Editor-TcpMessaging.dll (API version 3709383).
LogModuleManager: Display: Found up-to-date module file ../../../Engine/Plugins/Messaging/UdpMessaging/Binaries/Win64/UE4Editor-UdpMessaging.dll (API version 3709383).
LogModuleManager: Display: Found up-to-date module file ../../../Engine/Plugins/MovieScene/ActorSequence/Binaries/Win64/UE4Editor-ActorSequence.dll (API version 3709383).
LogModuleManager: Display: Found up-to-date module file ../../../Engine/Plugins/MovieScene/LevelSequenceEditor/Binaries/Win64/UE4Editor-LevelSequenceEditor.dll (API version 3709383).
LogModuleManager: Display: Found up-to-date module file ../../../Engine/Plugins/MovieScene/MatineeToLevelSequence/Binaries/Win64/UE4Editor-MatineeToLevelSequence.dll (API version 3709383).
LogModuleManager: Display: Found up-to-date module file ../../../Engine/Plugins/Online/OnlineSubsystem/Binaries/Win64/UE4Editor-OnlineSubsystem.dll (API version 3709383).
LogModuleManager: Display: Found up-to-date module file ../../../Engine/Plugins/Runtime/AndroidPermission/Binaries/Win64/UE4Editor-AndroidPermission.dll (API version 3709383).
LogModuleManager: Display: Found up-to-date module file ../../../Engine/Plugins/Online/OnlineSubsystemNull/Binaries/Win64/UE4Editor-OnlineSubsystemNull.dll (API version 3709383).
LogModuleManager: Display: Found up-to-date module file ../../../Engine/Plugins/Online/OnlineSubsystemUtils/Binaries/Win64/UE4Editor-OnlineSubsystemUtils.dll (API version 3709383).
LogModuleManager: Display: Found up-to-date module file ../../../Engine/Plugins/Online/OnlineSubsystemUtils/Binaries/Win64/UE4Editor-OnlineBlueprintSupport.dll (API version 3709383).
LogModuleManager: Display: Found up-to-date module file ../../../Engine/Plugins/Runtime/AndroidDeviceProfileSelector/Binaries/Win64/UE4Editor-AndroidDeviceProfileSelector.dll (API version 3709383).
LogModuleManager: Display: Found up-to-date module file ../../../Engine/Plugins/Runtime/AppleARKit/Binaries/Win64/UE4Editor-AppleARKit.dll (API version 3709383).
LogModuleManager: Display: Found up-to-date module file ../../../Engine/Plugins/Runtime/ArchVisCharacter/Binaries/Win64/UE4Editor-ArchVisCharacter.dll (API version 3709383).
LogModuleManager: Display: Found up-to-date module file ../../../Engine/Plugins/Runtime/CableComponent/Binaries/Win64/UE4Editor-CableComponent.dll (API version 3709383).
LogModuleManager: Display: Found up-to-date module file ../../../Engine/Plugins/Runtime/CustomMeshComponent/Binaries/Win64/UE4Editor-CustomMeshComponent.dll (API version 3709383).
LogModuleManager: Display: Found up-to-date module file ../../../Engine/Plugins/Runtime/ExampleDeviceProfileSelector/Binaries/Win64/UE4Editor-ExampleDeviceProfileSelector.dll (API version 3709383).
LogModuleManager: Display: Found up-to-date module file ../../../Engine/Plugins/Runtime/ImmediatePhysics/Binaries/Win64/UE4Editor-ImmediatePhysics.dll (API version 3709383).
LogModuleManager: Display: Found up-to-date module file ../../../Engine/Plugins/Runtime/ImmediatePhysics/Binaries/Win64/UE4Editor-ImmediatePhysicsEditor.dll (API version 3709383).
LogModuleManager: Display: Found up-to-date module file ../../../Engine/Plugins/Runtime/LocationServicesBPLibrary/Binaries/Win64/UE4Editor-LocationServicesBPLibrary.dll (API version 3709383).
LogModuleManager: Display: Found up-to-date module file ../../../Engine/Plugins/Runtime/MobilePatchingUtils/Binaries/Win64/UE4Editor-MobilePatchingUtils.dll (API version 3709383).
LogModuleManager: Display: Found up-to-date module file ../../../Engine/Plugins/Runtime/Oculus/OculusVR/Binaries/Win64/UE4Editor-OculusHMD.dll (API version 3709383).
LogModuleManager: Display: Found up-to-date module file ../../../Engine/Plugins/Runtime/Oculus/OculusVR/Binaries/Win64/UE4Editor-OculusInput.dll (API version 3709383).
LogModuleManager: Display: Found up-to-date module file ../../../Engine/Plugins/Runtime/Oculus/OculusVR/Binaries/Win64/UE4Editor-OculusEditor.dll (API version 3709383).
LogModuleManager: Display: Found up-to-date module file ../../../Engine/Plugins/Runtime/PhysXVehicles/Binaries/Win64/UE4Editor-PhysXVehicles.dll (API version 3709383).
LogModuleManager: Display: Found up-to-date module file ../../../Engine/Plugins/Runtime/PhysXVehicles/Binaries/Win64/UE4Editor-PhysXVehiclesEditor.dll (API version 3709383).
LogModuleManager: Display: Found up-to-date module file ../../../Engine/Plugins/Runtime/ProceduralMeshComponent/Binaries/Win64/UE4Editor-ProceduralMeshComponent.dll (API version 3709383).
LogModuleManager: Display: Found up-to-date module file ../../../Engine/Plugins/Runtime/ProceduralMeshComponent/Binaries/Win64/UE4Editor-ProceduralMeshComponentEditor.dll (API version 3709383).
LogModuleManager: Display: Found up-to-date module file ../../../Engine/Plugins/Runtime/RuntimePhysXCooking/Binaries/Win64/UE4Editor-RuntimePhysXCooking.dll (API version 3709383).
LogModuleManager: Display: Found up-to-date module file ../../../Engine/Plugins/Runtime/Steam/SteamVR/Binaries/Win64/UE4Editor-SteamVR.dll (API version 3709383).
LogModuleManager: Display: Found up-to-date module file ../../../Engine/Plugins/Runtime/Steam/SteamVR/Binaries/Win64/UE4Editor-SteamVRController.dll (API version 3709383).
LogModuleManager: Display: Found up-to-date module file ../../../Engine/Plugins/Runtime/WindowsMoviePlayer/Binaries/Win64/UE4Editor-WindowsMoviePlayer.dll (API version 3709383).
LogPluginManager: Mounting plugin Paper2D
LogPluginManager: Mounting plugin LightPropagationVolume
LogPluginManager: Mounting plugin CodeLiteSourceCodeAccess
LogPluginManager: Mounting plugin GitSourceControl
LogPluginManager: Mounting plugin KDevelopSourceCodeAccess
LogPluginManager: Mounting plugin NullSourceCodeAccess
LogPluginManager: Mounting plugin PerforceSourceControl
LogPluginManager: Mounting plugin SubversionSourceControl
LogPluginManager: Mounting plugin UObjectPlugin
LogPluginManager: Mounting plugin VisualStudioCodeSourceCodeAccess
LogPluginManager: Mounting plugin VisualStudioSourceCodeAccess
LogPluginManager: Mounting plugin XCodeSourceCodeAccess
LogPluginManager: Mounting plugin AssetManagerEditor
LogPluginManager: Mounting plugin AudioCapture
LogPluginManager: Mounting plugin FacialAnimation
LogPluginManager: Mounting plugin GameplayTagsEditor
LogPluginManager: Mounting plugin MobileLauncherProfileWizard
LogPluginManager: Mounting plugin PluginBrowser
LogPluginManager: Mounting plugin SpeedTreeImporter
LogPluginManager: Mounting plugin AlembicImporter
LogPluginManager: Mounting plugin CharacterAI
LogPluginManager: Mounting plugin HTML5Networking
LogPluginManager: Mounting plugin AndroidMedia
LogPluginManager: Mounting plugin AvfMedia
LogPluginManager: Mounting plugin ImgMedia
LogPluginManager: Mounting plugin MediaCompositing
LogPluginManager: Mounting plugin MediaPlayerEditor
LogPluginManager: Mounting plugin WmfMedia
LogPluginManager: Mounting plugin TcpMessaging
LogPluginManager: Mounting plugin UdpMessaging
LogPluginManager: Mounting plugin ActorSequence
LogPluginManager: Mounting plugin LevelSequenceEditor
LogPluginManager: Mounting plugin MatineeToLevelSequence
LogPluginManager: Mounting plugin OnlineSubsystemGooglePlay
LogPluginManager: Mounting plugin OnlineSubsystemIOS
LogPluginManager: Mounting plugin OnlineSubsystem
LogPluginManager: Mounting plugin OnlineSubsystemNull
LogPluginManager: Mounting plugin OnlineSubsystemUtils
LogPluginManager: Mounting plugin AndroidDeviceProfileSelector
LogPluginManager: Mounting plugin AndroidMoviePlayer
LogPluginManager: Mounting plugin AndroidPermission
LogPluginManager: Mounting plugin AppleARKit
LogPluginManager: Mounting plugin AppleMoviePlayer
LogPluginManager: Mounting plugin ArchVisCharacter
LogPluginManager: Mounting plugin CableComponent
LogPluginManager: Mounting plugin CustomMeshComponent
LogPluginManager: Mounting plugin ExampleDeviceProfileSelector
LogPluginManager: Mounting plugin GoogleCloudMessaging
LogPluginManager: Mounting plugin ImmediatePhysics
LogPluginManager: Mounting plugin IOSDeviceProfileSelector
LogPluginManager: Mounting plugin LinuxDeviceProfileSelector
LogPluginManager: Mounting plugin LocationServicesBPLibrary
LogPluginManager: Mounting plugin MobilePatchingUtils
LogPluginManager: Mounting plugin OculusVR
LogPluginManager: Plugin shader directory ../../../Engine/Plugins/Runtime/Oculus/OculusVR/Shaders found
LogPluginManager: Mapping shader source directory ../../../Engine/Plugins/Runtime/Oculus/OculusVR/Shaders to virtual directory /Plugin/OculusVR
LogPluginManager: Mounting plugin PhysXVehicles
LogPluginManager: Mounting plugin ProceduralMeshComponent
LogPluginManager: Mounting plugin RuntimePhysXCooking
LogPluginManager: Mounting plugin SteamVR
LogPluginManager: Mounting plugin WindowsMoviePlayer
LogInit: Using libcurl 7.47.1
LogInit:  - built for x86_64-pc-win32
LogInit:  - supports SSL with OpenSSL/1.0.2g
LogInit:  - supports HTTP deflate (compression) using libz 1.2.8
LogInit:  - other features:
LogInit:      CURL_VERSION_SSL
LogInit:      CURL_VERSION_LIBZ
LogInit:      CURL_VERSION_IPV6
LogInit:      CURL_VERSION_ASYNCHDNS
LogInit:      CURL_VERSION_LARGEFILE
LogInit:      CURL_VERSION_IDN
LogInit:  CurlRequestOptions (configurable via config and command line):
LogInit:  - bVerifyPeer = false  - Libcurl will NOT verify peer certificate
LogInit:  - bUseHttpProxy = false  - Libcurl will NOT use HTTP proxy
LogInit:  - bDontReuseConnections = false  - Libcurl will reuse connections
LogInit:  - CertBundlePath = nullptr  - Libcurl will use whatever was configured at build time.
LogInit: Build: ++UE4+Release-4.18-CL-3794801
LogInit: Engine Version: 4.18.2-3794801+++UE4+Release-4.18
LogInit: Compatible Engine Version: 4.18.0-3709383+++UE4+Release-4.18
LogInit: Net CL: 3709383
LogDevObjectVersion: Number of dev versions registered: 16
LogDevObjectVersion:   Dev-Blueprints (B0D832E4-1F89-4F0D-ACCF-7EB736FD4AA2): 10
LogDevObjectVersion:   Dev-Build (E1C64328-A22C-4D53-A36C-8E866417BD8C): 0
LogDevObjectVersion:   Dev-Core (375EC13C-06E4-48FB-B500-84F0262A717E): 2
LogDevObjectVersion:   Dev-Editor (E4B068ED-F494-42E9-A231-DA0B2E46BB41): 20
LogDevObjectVersion:   Dev-Framework (CFFC743F-43B0-4480-9391-14DF171D2073): 30
LogDevObjectVersion:   Dev-Mobile (B02B49B5-BB20-44E9-A304-32B752E40360): 0
LogDevObjectVersion:   Dev-Networking (A4E4105C-59A1-49B5-A7C5-40C4547EDFEE): 0
LogDevObjectVersion:   Dev-Online (39C831C9-5AE6-47DC-9A44-9C173E1C8E7C): 0
LogDevObjectVersion:   Dev-Physics (78F01B33-EBEA-4F98-B9B4-84EACCB95AA2): 0
LogDevObjectVersion:   Dev-Platform (6631380F-2D4D-43E0-8009-CF276956A95A): 0
LogDevObjectVersion:   Dev-Rendering (12F88B9F-8875-4AFC-A67C-D90C383ABD29): 20
LogDevObjectVersion:   Dev-Sequencer (7B5AE74C-D270-4C10-A958-57980B212A5A): 4
LogDevObjectVersion:   Dev-VR (D7296918-1DD6-4BDD-9DE2-64A83CC13884): 0
LogDevObjectVersion:   Dev-LoadTimes (C2A15278-BFE7-4AFE-6C17-90FF531DF755): 1
LogDevObjectVersion:   Private-Geometry (6EACA3D4-40EC-4CC1-B786-8BED09428FC5): 1
LogDevObjectVersion:   Dev-AnimPhys (29E575DD-E0A3-4627-9D10-D276232CDCEA): 12
LogInit: Compiled (64-bit): Dec  8 2017 02:04:53
LogInit: Compiled with Visual C++: 19.00.24215.01
LogInit: Build Configuration: Development
LogInit: Branch Name: ++UE4+Release-4.18
LogInit: Command line:  
LogInit: Base directory: C:/Program Files/Epic Games/UE_4.18/Engine/Binaries/Win64/
LogInit: Installed Engine Build: 1
LogInit: Presizing for max 8388607 objects, including 0 objects not considered by GC, pre-allocating 0 bytes for permanent pool.
LogInit: Object subsystem initialized
[2018.01.01-22.13.35:357][  0]LogInit: Selected Device Profile: [Windows]
[2018.01.01-22.13.35:357][  0]LogInit: Applying CVar settings loaded from the selected device profile: [Windows]
[2018.01.01-22.13.35:370][  0]LogInit: Computer: KOSTASG-PC
[2018.01.01-22.13.35:370][  0]LogInit: User: KostasG
[2018.01.01-22.13.35:370][  0]LogInit: CPU Page size=4096, Cores=4
[2018.01.01-22.13.35:370][  0]LogInit: High frequency timer resolution =3.123191 MHz
[2018.01.01-22.13.35:370][  0]LogMemory: Memory total: Physical=15.9GB (16GB approx)
[2018.01.01-22.13.35:370][  0]LogMemory: Platform Memory Stats for Windows
[2018.01.01-22.13.35:370][  0]LogMemory: Process Physical Memory: 281.91 MB used, 281.91 MB peak
[2018.01.01-22.13.35:370][  0]LogMemory: Process Virtual Memory: 278.30 MB used, 278.30 MB peak
[2018.01.01-22.13.35:370][  0]LogMemory: Physical Memory: 7263.67 MB used,  8990.64 MB free, 16254.31 MB total
[2018.01.01-22.13.35:370][  0]LogMemory: Virtual Memory: 742.39 MB used,  8990.64 MB free, 134217728.00 MB total
[2018.01.01-22.13.35:745][  0]LogInit: Using OS detected language (en-US).
[2018.01.01-22.13.35:745][  0]LogInit: Using OS detected locale (en-US).
[2018.01.01-22.13.35:755][  0]LogTextLocalizationManager: No specific localization for 'en-US' exists, so the 'en' localization will be used.
[2018.01.01-22.13.36:199][  0]LogInit: Setting process to per monitor DPI aware
[2018.01.01-22.13.36:866][  0]LogD3D11RHI: D3D11 adapters:
[2018.01.01-22.13.36:903][  0]LogD3D11RHI:    0. 'NVIDIA GeForce GTX 1060 6GB' (Feature Level 11_0)
[2018.01.01-22.13.36:903][  0]LogD3D11RHI:       6061/0/8127 MB DedicatedVideo/DedicatedSystem/SharedSystem, Outputs:2, VendorId:0x10de
[2018.01.01-22.13.36:911][  0]LogD3D11RHI:    1. 'Intel(R) HD Graphics 4600' (Feature Level 11_0)
[2018.01.01-22.13.36:911][  0]LogD3D11RHI:       112/0/2048 MB DedicatedVideo/DedicatedSystem/SharedSystem, Outputs:1, VendorId:0x8086
[2018.01.01-22.13.36:913][  0]LogD3D11RHI:    2. 'Microsoft Basic Render Driver' (Feature Level 11_0)
[2018.01.01-22.13.36:913][  0]LogD3D11RHI:       0/0/8127 MB DedicatedVideo/DedicatedSystem/SharedSystem, Outputs:0, VendorId:0x1414
[2018.01.01-22.13.36:913][  0]LogD3D11RHI: Chosen D3D11 Adapter: 0
[2018.01.01-22.13.36:920][  0]LogD3D11RHI: Creating new Direct3DDevice
[2018.01.01-22.13.36:920][  0]LogD3D11RHI:     GPU DeviceId: 0x1c03 (for the marketing name, search the web for "GPU Device Id")
[2018.01.01-22.13.36:920][  0]LogWindows: EnumDisplayDevices:
[2018.01.01-22.13.36:921][  0]LogWindows:    0. 'NVIDIA GeForce GTX 1060 6GB' (P:1 D:1)
[2018.01.01-22.13.36:921][  0]LogWindows:    1. 'NVIDIA GeForce GTX 1060 6GB' (P:0 D:1)
[2018.01.01-22.13.36:921][  0]LogWindows:    2. 'NVIDIA GeForce GTX 1060 6GB' (P:0 D:0)
[2018.01.01-22.13.36:921][  0]LogWindows:    3. 'NVIDIA GeForce GTX 1060 6GB' (P:0 D:0)
[2018.01.01-22.13.36:921][  0]LogWindows:    4. 'Intel(R) HD Graphics 4600' (P:0 D:1)
[2018.01.01-22.13.36:921][  0]LogWindows:    5. 'Intel(R) HD Graphics 4600' (P:0 D:0)
[2018.01.01-22.13.36:921][  0]LogWindows: DebugString: GetVideoDriverDetailsInvalid PrimaryIsNotTheChoosenAdapter GetVideoDriverDetailsInvalid PrimaryIsNotTheChoosenAdapter GetVideoDriverDetailsInvalid PrimaryIsNotTheChoosenAdapter GetVideoDriverDetailsInvalid PrimaryIsNotTheChoosenAdapter GetVideoDriverDetailsInvalid PrimaryIsNotTheChoosenAdapter GetVideoDriverDetailsInvalid PrimaryIsNotTheChoosenAdapter FoundDriverCount:0 
[2018.01.01-22.13.36:921][  0]LogD3D11RHI:     Adapter Name: NVIDIA GeForce GTX 1060 6GB
[2018.01.01-22.13.36:921][  0]LogD3D11RHI:   Driver Version: Unknown (internal:Unknown, unified:Unknown)
[2018.01.01-22.13.36:921][  0]LogD3D11RHI:      Driver Date: Unknown
[2018.01.01-22.13.36:921][  0]LogRHI: Texture pool is 4242 MB (70% of 6061 MB)
[2018.01.01-22.13.36:947][  0]LogD3D11RHI: Async texture creation enabled
[2018.01.01-22.13.36:959][  0]LogD3D11RHI: GPU Timing Frequency: 1000.000000 (Debug: 2 1)
[2018.01.01-22.13.37:009][  0]LogShaderCompilers: Guid format shader working directory is 21 characters bigger than the processId version (E:/Unreal Projects/UnrealVR/Intermediate/Shaders/WorkingDirectory/4620/).
[2018.01.01-22.13.37:009][  0]LogShaderCompilers: Cleaned the shader compiler working directory 'C:/Users/KostasG/AppData/Local/Temp/UnrealShaderWorkingDir/5C3DC1724B96D840048105AED2EDFCA0/'.
[2018.01.01-22.13.37:009][  0]LogShaderCompilers: Display: Using Local Shader Compiler.
[2018.01.01-22.13.38:496][  0]LogTemp: Display: Loaded TP AllDesktopTargetPlatform
[2018.01.01-22.13.38:608][  0]LogTemp: Display: Loaded TP MacClientTargetPlatform
[2018.01.01-22.13.38:719][  0]LogTemp: Display: Loaded TP MacNoEditorTargetPlatform
[2018.01.01-22.13.38:831][  0]LogTemp: Display: Loaded TP MacServerTargetPlatform
[2018.01.01-22.13.38:944][  0]LogTemp: Display: Loaded TP MacTargetPlatform
[2018.01.01-22.13.39:057][  0]LogTemp: Display: Loaded TP WindowsClientTargetPlatform
[2018.01.01-22.13.39:169][  0]LogTemp: Display: Loaded TP WindowsNoEditorTargetPlatform
[2018.01.01-22.13.39:281][  0]LogTemp: Display: Loaded TP WindowsServerTargetPlatform
[2018.01.01-22.13.39:385][  0]LogTemp: Display: Loaded TP WindowsTargetPlatform
[2018.01.01-22.13.39:494][  0]LogTemp: Display: Loaded TP Android_ASTCTargetPlatform
[2018.01.01-22.13.39:604][  0]LogTemp: Display: Loaded TP Android_ATCTargetPlatform
[2018.01.01-22.13.39:714][  0]LogTemp: Display: Loaded TP Android_DXTTargetPlatform
[2018.01.01-22.13.39:824][  0]LogTemp: Display: Loaded TP Android_ETC1TargetPlatform
[2018.01.01-22.13.39:935][  0]LogTemp: Display: Loaded TP Android_ETC2TargetPlatform
[2018.01.01-22.13.40:156][  0]LogTemp: Display: Loaded TP Android_MultiTargetPlatform
[2018.01.01-22.13.40:157][  0]LogTemp: Display: Loaded TP Android_PVRTCTargetPlatform
[2018.01.01-22.13.40:266][  0]LogTemp: Display: Loaded TP AndroidTargetPlatform
[2018.01.01-22.13.40:363][  0]LogTemp: Display: Loaded TP HTML5TargetPlatform
[2018.01.01-22.13.40:537][  0]LogTemp: Display: Loaded TP IOSTargetPlatform
[2018.01.01-22.13.40:592][  0]LogTemp: Display: Loaded TP TVOSTargetPlatform
[2018.01.01-22.13.40:701][  0]LogTemp: Display: Loaded TP LinuxClientTargetPlatform
[2018.01.01-22.13.40:811][  0]LogTemp: Display: Loaded TP LinuxNoEditorTargetPlatform
[2018.01.01-22.13.40:921][  0]LogTemp: Display: Loaded TP LinuxServerTargetPlatform
[2018.01.01-22.13.41:033][  0]LogTemp: Display: Loaded TP LinuxTargetPlatform
[2018.01.01-22.13.41:034][  0]LogTargetPlatformManager: Display: Building Assets For Windows
[2018.01.01-22.13.42:118][  0]LogDerivedDataCache: Display: Max Cache Size: 512 MB
[2018.01.01-22.13.42:194][  0]LogDerivedDataCache: Loaded boot cache 0.08s 90MB C:/Users/KostasG/AppData/Local/UnrealEngine/4.18/DerivedDataCache/Boot.ddc.
[2018.01.01-22.13.42:194][  0]LogDerivedDataCache: Display: Loaded Boot cache: C:/Users/KostasG/AppData/Local/UnrealEngine/4.18/DerivedDataCache/Boot.ddc
[2018.01.01-22.13.42:194][  0]LogDerivedDataCache: FDerivedDataBackendGraph:  Pak pak cache file E:/Unreal Projects/UnrealVR/DerivedDataCache/DDC.ddp not found, will not use a pak cache.
[2018.01.01-22.13.42:194][  0]LogDerivedDataCache: Unable to find inner node Pak for hierarchical cache Hierarchy.
[2018.01.01-22.13.42:194][  0]LogDerivedDataCache: FDerivedDataBackendGraph:  CompressedPak pak cache file E:/Unreal Projects/UnrealVR/DerivedDataCache/Compressed.ddp not found, will not use a pak cache.
[2018.01.01-22.13.42:194][  0]LogDerivedDataCache: Unable to find inner node CompressedPak for hierarchical cache Hierarchy.
[2018.01.01-22.13.42:212][  0]LogDerivedDataCache: Display: Pak cache opened for reading ../../../Engine/DerivedDataCache/Compressed.ddp.
[2018.01.01-22.13.42:224][  0]LogDerivedDataCache: Using Local data cache path C:/Users/KostasG/AppData/Local/UnrealEngine/Common/DerivedDataCache: Writable
[2018.01.01-22.13.42:235][  0]LogMaterial: Verifying Global Shaders for PCD3D_SM5
[2018.01.01-22.13.42:236][  0]LogSlate: Using Freetype 2.6.0
[2018.01.01-22.13.42:238][  0]LogSlate: SlateFontCache - WITH_FREETYPE: 1, WITH_HARFBUZZ: 1
[2018.01.01-22.13.42:238][  0]LogSlate: SlateFontCache - WITH_FREETYPE: 1, WITH_HARFBUZZ: 1
[2018.01.01-22.13.43:662][  0]LogInit: Selected Device Profile: [Windows]
[2018.01.01-22.13.44:317][  0]LogSimplygon: Simplygon DLL not present - disabling.
[2018.01.01-22.13.44:416][  0]LogMeshReduction: Using SimplygonSwarm for distributed automatic mesh merging
[2018.01.01-22.13.44:416][  0]LogMeshReduction: Using QuadricMeshReduction for automatic static mesh reduction
[2018.01.01-22.13.44:416][  0]LogMeshReduction: No automatic skeletal mesh reduction module available
[2018.01.01-22.13.44:416][  0]LogMeshReduction: No automatic mesh merging module available
[2018.01.01-22.13.44:416][  0]LogMeshMerging: No automatic mesh merging module available
[2018.01.01-22.13.44:458][  0]LogNetVersion: UnrealVR , NetCL: 3709383, EngineNetVer: 2, GameNetVer: 0 (Checksum: 708765918)
[2018.01.01-22.13.44:710][  0]LogAssetRegistry: FAssetRegistry took 0.0263 seconds to start up
[2018.01.01-22.13.45:399][  0]LogPackageLocalizationCache: Processed 7 localized package path(s) for 2 prioritized culture(s) in 0.049470 seconds
[2018.01.01-22.13.45:405][  0]LogUObjectArray: 35900 objects as part of root set at end of initial load.
[2018.01.01-22.13.45:405][  0]LogUObjectAllocator: 7372016 out of 0 bytes used by permanent object pool.
[2018.01.01-22.13.45:405][  0]LogUObjectArray: CloseDisregardForGC: 0/0 objects in disregard for GC pool
[2018.01.01-22.13.45:533][  0]LogInit: WinSock: version 1.1 (2.2), MaxSocks=32767, MaxUdp=65467
[2018.01.01-22.13.51:319][  0]LogTcpMessaging: Initializing TcpMessaging bridge
[2018.01.01-22.13.51:397][  0]LogUdpMessaging: Initializing bridge on interface 0.0.0.0:0 to multicast group 230.0.0.1:6666.
[2018.01.01-22.13.52:791][  0]LogMaterial: Uniform references updated for custom material expression Custom.
[2018.01.01-22.13.53:672][  0]SourceControl: Source control is disabled
[2018.01.01-22.13.53:672][  0]SourceControl: Source control is disabled
[2018.01.01-22.13.53:791][  0]SourceControl: Source control is disabled
[2018.01.01-22.13.53:909][  0]SourceControl: Source control is disabled
[2018.01.01-22.13.55:693][  0]LogAndroidPermission: UAndroidPermissionCallbackProxy::GetInstance
[2018.01.01-22.13.56:292][  0]LogOcInput: OculusInput pre-init called
[2018.01.01-22.13.56:906][  0]LogEngine: Initializing Engine...
[2018.01.01-22.13.56:908][  0]LogHMD: Oculus plugin initialized. Version: 4.18.2-3794801+++UE4+Release-4.18, OVRPlugin: 1.19.0
[2018.01.01-22.13.57:154][  0]LogStats: UGameplayTagsManager::ConstructGameplayTagTree: Construct from data asset -  0.000 s
[2018.01.01-22.13.57:154][  0]LogStats: UGameplayTagsManager::ConstructGameplayTagTree: GameplayTagTreeChangedEvent.Broadcast -  0.000 s
[2018.01.01-22.13.57:466][  0]LogAIModule: Creating AISystem for world Untitled
[2018.01.01-22.13.57:480][  0]LogInit: XAudio2 using 'Headphones (Rift Audio)' : 2 channels at 48 kHz using 16 bits per sample (channel mask 0x3)
[2018.01.01-22.13.57:493][  0]LogInit: FAudioDevice initialized.
[2018.01.01-22.13.57:673][  0]LogDerivedDataCache: Saved boot cache 0.18s 78MB C:/Users/KostasG/AppData/Local/UnrealEngine/4.18/DerivedDataCache/Boot.ddc.
[2018.01.01-22.13.57:685][  0]LogInit: Texture streaming: Enabled
[2018.01.01-22.13.57:920][  0]LogEngineSessionManager: EngineSessionManager initialized
[2018.01.01-22.13.58:225][  0]LogInit: Transaction tracking system initialized
[2018.01.01-22.13.58:985][  0]BlueprintLog: New page: Editor Load
[2018.01.01-22.14.01:106][  0]LocalizationService: Localization service is disabled
[2018.01.01-22.14.02:826][  0]LogConsoleResponse: Display: 
[2018.01.01-22.14.03:079][  0]LogCook: Display: Max memory allowance for cook 16384mb min free memory 0mb
[2018.01.01-22.14.03:079][  0]LogCook: Display: Mobile HDR setting 1
[2018.01.01-22.14.03:079][  0]LogGameplayTags: Display: UGameplayTagsManager::DoneAddingNativeTags. DelegateIsBound: 0
[2018.01.01-22.14.03:423][  0]LogFileCache: Scanning file cache for directory 'E:/Unreal Projects/UnrealVR/Content/' took 0.01s
[2018.01.01-22.14.05:772][  0]SourceControl: Source control is disabled
[2018.01.01-22.14.05:772][  0]Cmd: MAP LOAD FILE="E:/Unreal Projects/UnrealVR/Content/Unreal/Maps/Originals/Vortex2-U1/Vortex2-U1.umap" TEMPLATE=0 SHOWPROGRESS=1 FEATURELEVEL=3
[2018.01.01-22.14.05:773][  0]LightingResults: New page: Lighting Build
[2018.01.01-22.14.05:874][  0]MapCheck: New page: Map Check
[2018.01.01-22.14.05:874][  0]LightingResults: New page: Lighting Build
[2018.01.01-22.14.07:501][  0]LogAIModule: Creating AISystem for world Vortex2-U1
[2018.01.01-22.14.07:620][  0]LogEditorServer: Finished looking for orphan Actors (0.000 secs)
[2018.01.01-22.14.07:637][  0]Cmd: MAP CHECKDEP NOCLEARLOG
[2018.01.01-22.14.07:853][  0]MapCheck: Map check complete: 0 Error(s), 0 Warning(s), took 216.021ms to complete.
[2018.01.01-22.14.07:853][  0]LogFileHelpers: Loading map 'Vortex2-U1' took 2.081
[2018.01.01-22.14.07:918][  0]LogWindowsTextInputMethodSystem: Display: IME system now deactivated.
[2018.01.01-22.14.07:987][  0]LogCollectionManager: Loaded 0 collections in 0.002138 seconds
[2018.01.01-22.14.08:130][  0]LogFileCache: Scanning file cache for directory 'E:/Unreal Projects/UnrealVR/Saved/Collections/' took 0.01s
[2018.01.01-22.14.08:130][  0]LogFileCache: Scanning file cache for directory 'E:/Unreal Projects/UnrealVR/Content/Developers/KostasG/Collections/' took 0.01s
[2018.01.01-22.14.08:130][  0]LogFileCache: Scanning file cache for directory 'E:/Unreal Projects/UnrealVR/Content/Collections/' took 0.01s
[2018.01.01-22.14.08:130][  0]LogCollectionManager: Rebuilt the GUID cache for 0 collections in 0.000000 seconds
[2018.01.01-22.14.08:139][  0]LogContentBrowser: Native class hierarchy populated in 0.0091 seconds. Added 2363 classes and 519 folders.
[2018.01.01-22.14.08:302][  0]LogContentBrowser: Native class hierarchy updated for 'WidgetCarousel' in 0.0003 seconds. Added 0 classes and 0 folders.
[2018.01.01-22.14.08:381][  0]LogContentBrowser: Native class hierarchy updated for 'AddContentDialog' in 0.0003 seconds. Added 0 classes and 0 folders.
[2018.01.01-22.14.08:542][  0]LogContentBrowser: Native class hierarchy updated for 'SceneOutliner' in 0.0003 seconds. Added 1 classes and 2 folders.
[2018.01.01-22.14.08:629][  0]LogSlate: Took 0.000767 seconds to synchronously load lazily loaded font '../../../Engine/Content/Slate/Fonts/Roboto-Regular.ttf' (155K)
[2018.01.01-22.14.08:631][  0]LogSlate: Took 0.000758 seconds to synchronously load lazily loaded font '../../../Engine/Content/Slate/Fonts/Roboto-Bold.ttf' (160K)
[2018.01.01-22.14.08:633][  0]LogSlate: Took 0.000591 seconds to synchronously load lazily loaded font '../../../Engine/Content/Editor/Slate/Fonts/FontAwesome.ttf' (139K)
[2018.01.01-22.14.08:756][  0]LogRenderer: Reallocating scene render targets to support 1092x924 Format 10 NumSamples 1 (Frame:1).
[2018.01.01-22.14.09:034][  0]LogContentBrowser: Native class hierarchy updated for 'HierarchicalLODOutliner' in 0.0003 seconds. Added 1 classes and 2 folders.
[2018.01.01-22.14.09:034][  0]LogLoad: (Engine Initialization) Total time: 37.22 seconds
[2018.01.01-22.14.09:034][  0]LogLoad: (Engine Initialization) Total Blueprint compile time: 0.00 seconds
[2018.01.01-22.14.09:034][  0]LogExternalProfiler: No external profilers were discovered.  External profiling features will not be available.
[2018.01.01-22.14.09:059][  0]LogOcInput: OculusInput is initialized
[2018.01.01-22.14.09:082][  0]LogContentStreaming: Texture pool size now 3000 MB
[2018.01.01-22.14.09:098][  0]LogSlate: Took 0.000734 seconds to synchronously load lazily loaded font '../../../Engine/Content/Slate/Fonts/Roboto-Light.ttf' (159K)
[2018.01.01-22.14.09:187][  1]LogAssetRegistry: Asset discovery search completed in 24.4981 seconds
[2018.01.01-22.14.09:189][  1]LogCollectionManager: Rebuilt the object cache for 0 collections in 0.000000 seconds (found 0 objects)
[2018.01.01-22.14.09:189][  1]LogCollectionManager: Fixed up redirectors for 0 collections in 0.000054 seconds (updated 0 objects)
[2018.01.01-22.14.28:996][201]LogSlate: Only BGRA pngs, bmps or icos are supported in by External Image Picker
[2018.01.01-22.14.29:175][212]LogTemp: Executing iPhonePackager certificates Engine -bundlename com.YourCompany.UnrealVR
[2018.01.01-22.14.29:175][212]LogTemp: CWD: C:\Program Files\Epic Games\UE_4.18\Engine\Binaries\DotNET\IOS
[2018.01.01-22.14.29:175][212]LogTemp: Initial Dir: C:\Program Files\Epic Games\UE_4.18
[2018.01.01-22.14.29:175][212]LogTemp: Env CWD: C:\Program Files\Epic Games\UE_4.18\Engine\Binaries\DotNET\IOS
[2018.01.01-22.14.29:183][213]LogTemp: BranchPath = KOSTASG-PC/C/Program Files/Epic Games/UE_4.18/Engine/Binaries --- GameBranchPath = KOSTASG-PC/C/Program Files/Epic Games/UE_4.18/Engine/Binaries
[2018.01.01-22.14.29:200][215]LogTemp: IPP ERROR: Could not find provision directory 'C:\Users\KostasG\AppData\Local/Apple Computer/MobileDevice/Provisioning Profiles/'.
[2018.01.01-22.17.39:709][154]LogWindowsTextInputMethodSystem: Display: IME system now deactivated.
[2018.01.01-22.17.39:864][155]Cmd: QUIT_EDITOR
[2018.01.01-22.17.39:888][155]LogExit: Preparing to exit.
[2018.01.01-22.17.40:524][155]LogExit: Editor shut down
[2018.01.01-22.17.40:528][155]LogExit: Transaction tracking system shut down
[2018.01.01-22.17.40:747][155]LogDirectoryWatcher: A directory notification for '../../../Engine/Content/' was aborted.
[2018.01.01-22.17.40:747][155]LogDirectoryWatcher: A directory notification for 'E:/Unreal Projects/UnrealVR/Content/' was aborted.
[2018.01.01-22.17.40:747][155]LogDirectoryWatcher: A directory notification for '../../../Engine/Plugins/2D/Paper2D/Content/' was aborted.
[2018.01.01-22.17.40:747][155]LogDirectoryWatcher: A directory notification for '../../../Engine/Plugins/Media/MediaCompositing/Content/' was aborted.
[2018.01.01-22.17.40:747][155]LogDirectoryWatcher: A directory notification for '../../../Engine/Plugins/Runtime/AppleARKit/Content/' was aborted.
[2018.01.01-22.17.40:747][155]LogDirectoryWatcher: A directory notification for '../../../Engine/Plugins/Runtime/Oculus/OculusVR/Content/' was aborted.
[2018.01.01-22.17.40:748][155]LogDirectoryWatcher: A directory notification for '../../../Engine/Plugins/Runtime/Steam/SteamVR/Content/' was aborted.
[2018.01.01-22.17.40:822][155]LogExit: Object subsystem successfully closed.
[2018.01.01-22.17.40:861][155]LogD3D11RHI: Shutdown
[2018.01.01-22.17.40:861][155]LogD3D11RHI: CleanupD3DDevice
[2018.01.01-22.17.40:863][155]LogD3D11RHI: ~FD3D11DynamicRHI
[2018.01.01-22.17.40:909][155]LogModuleManager: Shutting down and abandoning module ExternalImagePicker (550)
[2018.01.01-22.17.40:909][155]LogModuleManager: Shutting down and abandoning module HierarchicalLODOutliner (548)
[2018.01.01-22.17.40:909][155]LogModuleManager: Shutting down and abandoning module SceneOutliner (546)
[2018.01.01-22.17.40:909][155]LogModuleManager: Shutting down and abandoning module AddContentDialog (544)
[2018.01.01-22.17.40:909][155]LogDirectoryWatcher: A directory notification for 'C:/Program Files/Epic Games/UE_4.18/FeaturePacks/' was aborted.
[2018.01.01-22.17.40:910][155]LogModuleManager: Shutting down and abandoning module WidgetCarousel (543)
[2018.01.01-22.17.40:910][155]LogModuleManager: Shutting down and abandoning module EditorWidgets (540)
[2018.01.01-22.17.40:910][155]LogModuleManager: Shutting down and abandoning module CollectionManager (538)
[2018.01.01-22.17.40:910][155]LogDirectoryWatcher: A directory notification for 'E:/Unreal Projects/UnrealVR/Content/Collections/' was aborted.
[2018.01.01-22.17.40:910][155]LogDirectoryWatcher: A directory notification for 'E:/Unreal Projects/UnrealVR/Content/Developers/KostasG/Collections/' was aborted.
[2018.01.01-22.17.40:910][155]LogDirectoryWatcher: A directory notification for 'E:/Unreal Projects/UnrealVR/Saved/Collections/' was aborted.
[2018.01.01-22.17.40:910][155]LogModuleManager: Shutting down and abandoning module StatsViewer (536)
[2018.01.01-22.17.40:910][155]LogModuleManager: Shutting down and abandoning module FoliageEdit (534)
[2018.01.01-22.17.40:910][155]LogModuleManager: Shutting down and abandoning module LandscapeEditor (532)
[2018.01.01-22.17.40:910][155]LogModuleManager: Shutting down and abandoning module MeshPaintMode (530)
[2018.01.01-22.17.40:910][155]LogModuleManager: Shutting down and abandoning module SceneDepthPickerMode (528)
[2018.01.01-22.17.40:910][155]LogModuleManager: Shutting down and abandoning module ActorPickerMode (526)
[2018.01.01-22.17.40:910][155]LogModuleManager: Shutting down and abandoning module GeometryMode (524)
[2018.01.01-22.17.40:910][155]LogModuleManager: Shutting down and abandoning module TextureAlignMode (522)
[2018.01.01-22.17.40:910][155]LogModuleManager: Shutting down and abandoning module BspMode (520)
[2018.01.01-22.17.40:910][155]LogModuleManager: Shutting down and abandoning module PIEPreviewDeviceProfileSelector (518)
[2018.01.01-22.17.40:910][155]LogModuleManager: Shutting down and abandoning module HardwareSurvey (516)
[2018.01.01-22.17.40:910][155]LogModuleManager: Shutting down and abandoning module SequenceRecorderSections (514)
[2018.01.01-22.17.40:910][155]LogModuleManager: Shutting down and abandoning module AutomationWorker (512)
[2018.01.01-22.17.40:910][155]LogModuleManager: Shutting down and abandoning module MatineeToLevelSequence (510)
[2018.01.01-22.17.40:910][155]LogModuleManager: Shutting down and abandoning module LevelSequenceEditor (508)
[2018.01.01-22.17.40:911][155]LogModuleManager: Shutting down and abandoning module PlacementMode (507)
[2018.01.01-22.17.40:911][155]LogModuleManager: Shutting down and abandoning module WmfMediaFactory (504)
[2018.01.01-22.17.40:911][155]LogModuleManager: Shutting down and abandoning module WmfMediaEditor (502)
[2018.01.01-22.17.40:911][155]LogModuleManager: Shutting down and abandoning module OpenExrWrapper (500)
[2018.01.01-22.17.40:911][155]LogModuleManager: Shutting down and abandoning module ImgMediaFactory (498)
[2018.01.01-22.17.40:911][155]LogModuleManager: Shutting down and abandoning module ImgMediaEditor (496)
[2018.01.01-22.17.40:911][155]LogModuleManager: Shutting down and abandoning module AvfMediaFactory (494)
[2018.01.01-22.17.40:911][155]LogModuleManager: Shutting down and abandoning module AvfMediaEditor (492)
[2018.01.01-22.17.40:911][155]LogModuleManager: Shutting down and abandoning module AndroidMediaFactory (490)
[2018.01.01-22.17.40:911][155]LogModuleManager: Shutting down and abandoning module AndroidMediaEditor (488)
[2018.01.01-22.17.40:911][155]LogModuleManager: Shutting down and abandoning module CharacterAI (486)
[2018.01.01-22.17.40:911][155]LogModuleManager: Shutting down and abandoning module AudioCapture (484)
[2018.01.01-22.17.40:911][155]LogModuleManager: Shutting down and abandoning module SequenceRecorder (483)
[2018.01.01-22.17.40:911][155]LogModuleManager: Shutting down and abandoning module SmartSnapping (480)
[2018.01.01-22.17.40:911][155]LogModuleManager: Shutting down and abandoning module SessionServices (478)
[2018.01.01-22.17.40:911][155]LogModuleManager: Shutting down and abandoning module ViewportSnapping (476)
[2018.01.01-22.17.40:911][155]LogModuleManager: Shutting down and abandoning module ViewportInteraction (474)
[2018.01.01-22.17.40:911][155]LogModuleManager: Shutting down and abandoning module ClothPainter (472)
[2018.01.01-22.17.40:911][155]LogModuleManager: Shutting down and abandoning module SkeletalMeshEditor (471)
[2018.01.01-22.17.40:911][155]LogModuleManager: Shutting down and abandoning module LogVisualizer (468)
[2018.01.01-22.17.40:911][155]LogModuleManager: Shutting down and abandoning module IntroTutorials (466)
[2018.01.01-22.17.40:911][155]LogModuleManager: Shutting down and abandoning module GameProjectGeneration (465)
[2018.01.01-22.17.40:911][155]LogModuleManager: Shutting down and abandoning module IOSPlatformEditor (462)
[2018.01.01-22.17.40:911][155]LogModuleManager: Shutting down and abandoning module HTML5PlatformEditor (460)
[2018.01.01-22.17.40:911][155]LogModuleManager: Shutting down and abandoning module AndroidPlatformEditor (458)
[2018.01.01-22.17.40:911][155]LogModuleManager: Shutting down and abandoning module AndroidDeviceDetection (457)
[2018.01.01-22.17.41:674][155]LogModuleManager: Shutting down and abandoning module WindowsPlatformEditor (454)
[2018.01.01-22.17.41:674][155]LogModuleManager: Shutting down and abandoning module IOSRuntimeSettings (452)
[2018.01.01-22.17.41:674][155]LogModuleManager: Shutting down and abandoning module AndroidRuntimeSettings (450)
[2018.01.01-22.17.41:674][155]LogModuleManager: Shutting down and abandoning module InputBindingEditor (448)
[2018.01.01-22.17.41:674][155]LogModuleManager: Shutting down and abandoning module MergeActors (446)
[2018.01.01-22.17.41:674][155]LogModuleManager: Shutting down and abandoning module SizeMap (444)
[2018.01.01-22.17.41:674][155]LogModuleManager: Shutting down and abandoning module TreeMap (442)
[2018.01.01-22.17.41:674][155]LogModuleManager: Shutting down and abandoning module ReferenceViewer (440)
[2018.01.01-22.17.41:674][155]LogModuleManager: Shutting down and abandoning module LocalizationDashboard (438)
[2018.01.01-22.17.41:674][155]LogModuleManager: Shutting down and abandoning module LocalizationService (437)
[2018.01.01-22.17.41:674][155]LogModuleManager: Shutting down and abandoning module HardwareTargeting (434)
[2018.01.01-22.17.41:674][155]LogModuleManager: Shutting down and abandoning module DeviceProfileEditor (432)
[2018.01.01-22.17.41:674][155]LogModuleManager: Shutting down and abandoning module UndoHistory (430)
[2018.01.01-22.17.41:674][155]LogModuleManager: Shutting down and abandoning module XmlParser (428)
[2018.01.01-22.17.41:674][155]LogModuleManager: Shutting down and abandoning module Blutility (426)
[2018.01.01-22.17.41:674][155]LogModuleManager: Shutting down and abandoning module ProjectSettingsViewer (424)
[2018.01.01-22.17.41:674][155]LogModuleManager: Shutting down and abandoning module ProjectTargetPlatformEditor (423)
[2018.01.01-22.17.41:674][155]LogModuleManager: Shutting down and abandoning module EditorSettingsViewer (420)
[2018.01.01-22.17.41:674][155]LogModuleManager: Shutting down and abandoning module SettingsEditor (418)
[2018.01.01-22.17.41:674][155]LogModuleManager: Shutting down and abandoning module ProjectLauncher (416)
[2018.01.01-22.17.41:674][155]LogModuleManager: Shutting down and abandoning module SessionFrontend (414)
[2018.01.01-22.17.41:675][155]LogModuleManager: Shutting down and abandoning module ProfilerClient (412)
[2018.01.01-22.17.41:675][155]LogModuleManager: Shutting down and abandoning module DeviceManager (410)
[2018.01.01-22.17.41:675][155]LogModuleManager: Shutting down and abandoning module TargetDeviceServices (409)
[2018.01.01-22.17.41:726][155]LogModuleManager: Shutting down and abandoning module AutomationController (406)
[2018.01.01-22.17.41:726][155]LogModuleManager: Shutting down and abandoning module AutomationWindow (404)
[2018.01.01-22.17.41:726][155]LogModuleManager: Shutting down and abandoning module Layers (402)
[2018.01.01-22.17.41:726][155]LogModuleManager: Shutting down and abandoning module ComponentVisualizers (400)
[2018.01.01-22.17.41:726][155]LogModuleManager: Shutting down and abandoning module DetailCustomizations (398)
[2018.01.01-22.17.41:726][155]LogModuleManager: Shutting down and abandoning module PackagesDialog (396)
[2018.01.01-22.17.41:726][155]LogModuleManager: Shutting down and abandoning module Persona (394)
[2018.01.01-22.17.41:726][155]LogModuleManager: Shutting down and abandoning module AdvancedPreviewScene (393)
[2018.01.01-22.17.41:726][155]LogModuleManager: Shutting down and abandoning module AnimGraph (391)
[2018.01.01-22.17.41:726][155]LogModuleManager: Shutting down and abandoning module Kismet (388)
[2018.01.01-22.17.41:726][155]LogModuleManager: Shutting down and abandoning module ClassViewer (386)
[2018.01.01-22.17.41:726][155]LogModuleManager: Shutting down and abandoning module Toolbox (384)
[2018.01.01-22.17.41:726][155]LogModuleManager: Shutting down and abandoning module ModuleUI (382)
[2018.01.01-22.17.41:726][155]LogModuleManager: Shutting down and abandoning module MovieSceneTools (380)
[2018.01.01-22.17.41:727][155]LogModuleManager: Shutting down and abandoning module OutputLog (378)
[2018.01.01-22.17.41:727][155]LogModuleManager: Shutting down and abandoning module GammaUI (376)
[2018.01.01-22.17.41:727][155]LogModuleManager: Shutting down and abandoning module Documentation (374)
[2018.01.01-22.17.41:727][155]LogModuleManager: Shutting down and abandoning module MovieSceneTracks (372)
[2018.01.01-22.17.41:727][155]LogModuleManager: Shutting down and abandoning module MovieScene (370)
[2018.01.01-22.17.41:727][155]LogModuleManager: Shutting down and abandoning module StreamingPauseRendering (368)
[2018.01.01-22.17.41:727][155]LogModuleManager: Shutting down and abandoning module LauncherPlatform (366)
[2018.01.01-22.17.41:727][155]LogModuleManager: Shutting down and abandoning module AnalyticsET (364)
[2018.01.01-22.17.41:727][155]LogModuleManager: Shutting down and abandoning module PortalServices (362)
[2018.01.01-22.17.41:727][155]LogModuleManager: Shutting down and abandoning module PortalRpc (360)
[2018.01.01-22.17.41:727][155]LogModuleManager: Shutting down and abandoning module MessagingRpc (358)
[2018.01.01-22.17.41:727][155]LogModuleManager: Shutting down and abandoning module AIModule (356)
[2018.01.01-22.17.41:727][155]LogModuleManager: Shutting down and abandoning module GameplayDebugger (355)
[2018.01.01-22.17.41:727][155]LogModuleManager: Shutting down and abandoning module AITestSuite (353)
[2018.01.01-22.17.41:727][155]LogModuleManager: Shutting down and abandoning module DesktopPlatform (350)
[2018.01.01-22.17.41:727][155]LogModuleManager: Shutting down and abandoning module ProfilerService (348)
[2018.01.01-22.17.41:729][155]LogModuleManager: Shutting down and abandoning module TaskGraph (346)
[2018.01.01-22.17.41:729][155]LogModuleManager: Shutting down and abandoning module SteamVRController (344)
[2018.01.01-22.17.41:729][155]LogModuleManager: Shutting down and abandoning module ProceduralMeshComponentEditor (342)
[2018.01.01-22.17.41:729][155]LogModuleManager: Shutting down and abandoning module ProceduralMeshComponent (340)
[2018.01.01-22.17.41:729][155]LogModuleManager: Shutting down and abandoning module OculusInput (338)
[2018.01.01-22.17.41:729][155]LogModuleManager: Shutting down and abandoning module MobilePatchingUtils (336)
[2018.01.01-22.17.41:729][155]LogModuleManager: Shutting down and abandoning module CustomMeshComponent (334)
[2018.01.01-22.17.41:729][155]LogModuleManager: Shutting down and abandoning module CableComponent (332)
[2018.01.01-22.17.41:729][155]LogModuleManager: Shutting down and abandoning module ArchVisCharacter (330)
[2018.01.01-22.17.41:729][155]LogModuleManager: Shutting down and abandoning module AndroidPermission (328)
[2018.01.01-22.17.41:729][155]LogModuleManager: Shutting down and abandoning module ActorSequence (324)
[2018.01.01-22.17.41:729][155]LogModuleManager: Shutting down and abandoning module MediaPlayerEditor (322)
[2018.01.01-22.17.41:729][155]LogModuleManager: Shutting down and abandoning module MediaCompositingEditor (320)
[2018.01.01-22.17.41:729][155]LogModuleManager: Shutting down and abandoning module MediaCompositing (318)
[2018.01.01-22.17.41:729][155]LogModuleManager: Shutting down and abandoning module HTML5Networking (316)
[2018.01.01-22.17.41:729][155]LogModuleManager: Shutting down and abandoning module AlembicImporter (314)
[2018.01.01-22.17.41:729][155]LogModuleManager: Shutting down and abandoning module AlembicLibrary (313)
[2018.01.01-22.17.41:729][155]LogModuleManager: Shutting down and abandoning module GeometryCache (312)
[2018.01.01-22.17.41:729][155]LogModuleManager: Shutting down and abandoning module GeometryCacheEd (311)
[2018.01.01-22.17.41:729][155]LogModuleManager: Shutting down and abandoning module SpeedTreeImporter (306)
[2018.01.01-22.17.41:729][155]LogModuleManager: Shutting down and abandoning module PluginBrowser (304)
[2018.01.01-22.17.41:729][155]LogModuleManager: Shutting down and abandoning module MobileLauncherProfileWizard (302)
[2018.01.01-22.17.41:729][155]LogModuleManager: Shutting down and abandoning module VisualStudioSourceCodeAccess (300)
[2018.01.01-22.17.41:729][155]LogModuleManager: Shutting down and abandoning module VisualStudioCodeSourceCodeAccess (298)
[2018.01.01-22.17.41:729][155]LogModuleManager: Shutting down and abandoning module UObjectPlugin (296)
[2018.01.01-22.17.41:729][155]LogModuleManager: Shutting down and abandoning module SubversionSourceControl (294)
[2018.01.01-22.17.41:729][155]LogModuleManager: Shutting down and abandoning module PerforceSourceControl (292)
[2018.01.01-22.17.41:729][155]LogModuleManager: Shutting down and abandoning module GitSourceControl (290)
[2018.01.01-22.17.41:729][155]LogModuleManager: Shutting down and abandoning module SourceControl (289)
[2018.01.01-22.17.41:729][155]LogModuleManager: Shutting down and abandoning module LightPropagationVolumeEditor (286)
[2018.01.01-22.17.41:729][155]LogModuleManager: Shutting down and abandoning module PaperTiledImporter (284)
[2018.01.01-22.17.41:730][155]LogModuleManager: Shutting down and abandoning module PaperSpriteSheetImporter (282)
[2018.01.01-22.17.41:730][155]LogModuleManager: Shutting down and abandoning module Paper2DEditor (280)
[2018.01.01-22.17.41:730][155]LogModuleManager: Shutting down and abandoning module MeshPaint (279)
[2018.01.01-22.17.41:730][155]LogModuleManager: Shutting down and abandoning module LevelEditor (277)
[2018.01.01-22.17.41:731][155]LogModuleManager: Shutting down and abandoning module PixelInspectorModule (276)
[2018.01.01-22.17.41:731][155]LogModuleManager: Shutting down and abandoning module MainFrame (274)
[2018.01.01-22.17.41:731][155]LogModuleManager: Shutting down and abandoning module HotReload (273)
[2018.01.01-22.17.41:731][155]LogModuleManager: Shutting down and abandoning module RuntimePhysXCooking (268)
[2018.01.01-22.17.41:731][155]LogModuleManager: Shutting down and abandoning module PhysXVehiclesEditor (266)
[2018.01.01-22.17.41:731][155]LogModuleManager: Shutting down and abandoning module PhysXVehicles (264)
[2018.01.01-22.17.41:731][155]LogModuleManager: Shutting down and abandoning module OculusEditor (262)
[2018.01.01-22.17.41:731][155]LogModuleManager: Shutting down and abandoning module LocationServicesBPLibrary (260)
[2018.01.01-22.17.41:731][155]LogModuleManager: Shutting down and abandoning module ImmediatePhysicsEditor (258)
[2018.01.01-22.17.41:731][155]LogModuleManager: Shutting down and abandoning module ImmediatePhysics (256)
[2018.01.01-22.17.41:731][155]LogModuleManager: Shutting down and abandoning module UdpMessaging (254)
[2018.01.01-22.17.41:832][155]LogModuleManager: Shutting down and abandoning module TcpMessaging (252)
[2018.01.01-22.17.41:932][155]LogModuleManager: Shutting down and abandoning module GameplayTagsEditor (250)
[2018.01.01-22.17.41:932][155]LogModuleManager: Shutting down and abandoning module FacialAnimationEditor (248)
[2018.01.01-22.17.41:932][155]LogModuleManager: Shutting down and abandoning module FacialAnimation (246)
[2018.01.01-22.17.41:932][155]LogModuleManager: Shutting down and abandoning module AssetManagerEditor (244)
[2018.01.01-22.17.41:932][155]LogModuleManager: Shutting down and abandoning module GraphEditor (243)
[2018.01.01-22.17.41:932][155]LogModuleManager: Shutting down and abandoning module ContentBrowser (241)
[2018.01.01-22.17.41:933][155]LogModuleManager: Shutting down and abandoning module LightPropagationVolumeRuntime (238)
[2018.01.01-22.17.41:933][155]LogModuleManager: Shutting down and abandoning module Paper2D (236)
[2018.01.01-22.17.41:934][155]LogModuleManager: Shutting down and abandoning module WindowsMoviePlayer (234)
[2018.01.01-22.17.41:934][155]LogModuleManager: Shutting down and abandoning module WmfMedia (232)
[2018.01.01-22.17.41:938][155]LogModuleManager: Shutting down and abandoning module ImgMedia (230)
[2018.01.01-22.17.41:938][155]LogModuleManager: Shutting down and abandoning module PacketHandler (228)
[2018.01.01-22.17.41:938][155]LogModuleManager: Shutting down and abandoning module ClothingSystemEditor (226)
[2018.01.01-22.17.41:939][155]LogModuleManager: Shutting down and abandoning module ClothingSystemRuntime (224)
[2018.01.01-22.17.41:939][155]LogModuleManager: Shutting down and abandoning module MediaAssets (222)
[2018.01.01-22.17.41:939][155]LogModuleManager: Shutting down and abandoning module Media (221)
[2018.01.01-22.17.41:944][155]LogModuleManager: Shutting down and abandoning module Overlay (218)
[2018.01.01-22.17.41:944][155]LogModuleManager: Shutting down and abandoning module OverlayEditor (217)
[2018.01.01-22.17.41:945][155]LogModuleManager: Shutting down and abandoning module VREditor (214)
[2018.01.01-22.17.41:945][155]LogModuleManager: Shutting down and abandoning module StringTableEditor (212)
[2018.01.01-22.17.41:945][155]LogModuleManager: Shutting down and abandoning module GameplayTasksEditor (210)
[2018.01.01-22.17.41:945][155]LogModuleManager: Shutting down and abandoning module BehaviorTreeEditor (208)
[2018.01.01-22.17.41:945][155]LogModuleManager: Shutting down and abandoning module FunctionalTesting (206)
[2018.01.01-22.17.41:945][155]LogModuleManager: Shutting down and abandoning module CollisionAnalyzer (204)
[2018.01.01-22.17.41:945][155]LogModuleManager: Shutting down and abandoning module WorkspaceMenuStructure (203)
[2018.01.01-22.17.41:945][155]LogModuleManager: Shutting down and abandoning module UMG (200)
[2018.01.01-22.17.41:945][155]LogModuleManager: Shutting down and abandoning module UMGEditor (199)
[2018.01.01-22.17.41:945][155]LogModuleManager: Shutting down and abandoning module Sequencer (198)
[2018.01.01-22.17.41:945][155]LogModuleManager: Shutting down and abandoning module MessageLog (195)
[2018.01.01-22.17.41:945][155]LogModuleManager: Shutting down and abandoning module SlateReflector (190)
[2018.01.01-22.17.41:945][155]LogModuleManager: Shutting down and abandoning module Slate (188)
[2018.01.01-22.17.41:945][155]LogModuleManager: Shutting down and abandoning module EditorStyle (186)
[2018.01.01-22.17.41:949][155]LogModuleManager: Shutting down and abandoning module MRMesh (184)
[2018.01.01-22.17.41:949][155]LogModuleManager: Shutting down and abandoning module SourceCodeAccess (182)
[2018.01.01-22.17.41:949][155]LogModuleManager: Shutting down and abandoning module HeadMountedDisplay (180)
[2018.01.01-22.17.41:949][155]LogModuleManager: Shutting down and abandoning module XAudio2 (178)
[2018.01.01-22.17.41:949][155]LogModuleManager: Shutting down and abandoning module Networking (176)
[2018.01.01-22.17.41:949][155]LogModuleManager: Shutting down and abandoning module Core (172)
[2018.01.01-22.17.41:949][155]LogModuleManager: Shutting down and abandoning module LevelSequence (168)
[2018.01.01-22.17.41:949][155]LogModuleManager: Shutting down and abandoning module DirectoryWatcher (166)
[2018.01.01-22.17.41:949][155]LogModuleManager: Shutting down and abandoning module KismetCompiler (164)
[2018.01.01-22.17.41:949][155]LogModuleManager: Shutting down and abandoning module MeshUtilities (162)
[2018.01.01-22.17.41:949][155]LogModuleManager: Shutting down and abandoning module MeshMergeUtilities (161)
[2018.01.01-22.17.41:949][155]LogModuleManager: Shutting down and abandoning module MeshReductionInterface (160)
[2018.01.01-22.17.41:949][155]LogModuleManager: Shutting down and abandoning module SimplygonSwarm (159)
[2018.01.01-22.17.41:949][155]LogModuleManager: Shutting down and abandoning module SimplygonMeshReduction (157)
[2018.01.01-22.17.41:949][155]LogModuleManager: Shutting down and abandoning module QuadricMeshReduction (155)
[2018.01.01-22.17.41:949][155]LogModuleManager: Shutting down and abandoning module MaterialBaking (151)
[2018.01.01-22.17.41:950][155]LogModuleManager: Shutting down and abandoning module DerivedDataCache (148)
[2018.01.01-22.17.41:973][155]LogDerivedDataCache: Shutdown
[2018.01.01-22.17.41:973][155]LogModuleManager: Shutting down and abandoning module TargetPlatform (146)
[2018.01.01-22.17.41:973][155]LogModuleManager: Shutting down and abandoning module VulkanShaderFormat (145)
[2018.01.01-22.17.41:973][155]LogModuleManager: Shutting down and abandoning module ShaderFormatVectorVM (143)
[2018.01.01-22.17.41:973][155]LogModuleManager: Shutting down and abandoning module ShaderFormatOpenGL (141)
[2018.01.01-22.17.41:973][155]LogModuleManager: Shutting down and abandoning module ShaderFormatD3D (139)
[2018.01.01-22.17.41:973][155]LogModuleManager: Shutting down and abandoning module MetalShaderFormat (137)
[2018.01.01-22.17.41:973][155]LogModuleManager: Shutting down and abandoning module TextureFormatUncompressed (135)
[2018.01.01-22.17.41:973][155]LogModuleManager: Shutting down and abandoning module TextureFormatPVR (133)
[2018.01.01-22.17.41:973][155]LogModuleManager: Shutting down and abandoning module TextureFormatDXT (131)
[2018.01.01-22.17.41:973][155]LogModuleManager: Shutting down and abandoning module TextureFormatIntelISPCTexComp (129)
[2018.01.01-22.17.41:973][155]LogModuleManager: Shutting down and abandoning module TextureFormatASTC (127)
[2018.01.01-22.17.41:973][155]LogModuleManager: Shutting down and abandoning module ImageWrapper (126)
[2018.01.01-22.17.41:973][155]LogModuleManager: Shutting down and abandoning module TextureFormatAndroid (123)
[2018.01.01-22.17.41:973][155]LogModuleManager: Shutting down and abandoning module AudioFormatOpus (121)
[2018.01.01-22.17.41:973][155]LogModuleManager: Shutting down and abandoning module AudioFormatOgg (119)
[2018.01.01-22.17.41:973][155]LogModuleManager: Shutting down and abandoning module AudioFormatADPCM (117)
[2018.01.01-22.17.41:973][155]LogModuleManager: Shutting down and abandoning module LinuxTargetPlatform (115)
[2018.01.01-22.17.41:973][155]LogModuleManager: Shutting down and abandoning module LinuxServerTargetPlatform (113)
[2018.01.01-22.17.41:973][155]LogModuleManager: Shutting down and abandoning module LinuxNoEditorTargetPlatform (111)
[2018.01.01-22.17.41:973][155]LogModuleManager: Shutting down and abandoning module LinuxClientTargetPlatform (109)
[2018.01.01-22.17.41:973][155]LogModuleManager: Shutting down and abandoning module TVOSTargetPlatform (107)
[2018.01.01-22.17.41:973][155]LogModuleManager: Shutting down and abandoning module Messaging (105)
[2018.01.01-22.17.41:973][155]LogModuleManager: Shutting down and abandoning module IOSTargetPlatform (103)
[2018.01.01-22.17.41:973][155]LogModuleManager: Shutting down and abandoning module HTML5TargetPlatform (101)
[2018.01.01-22.17.41:973][155]LogModuleManager: Shutting down and abandoning module AndroidTargetPlatform (99)
[2018.01.01-22.17.41:973][155]LogModuleManager: Shutting down and abandoning module Android_PVRTCTargetPlatform (97)
[2018.01.01-22.17.41:973][155]LogModuleManager: Shutting down and abandoning module Android_MultiTargetPlatform (95)
[2018.01.01-22.17.41:973][155]LogModuleManager: Shutting down and abandoning module Android_ETC2TargetPlatform (93)
[2018.01.01-22.17.41:974][155]LogModuleManager: Shutting down and abandoning module Android_ETC1TargetPlatform (91)
[2018.01.01-22.17.41:974][155]LogModuleManager: Shutting down and abandoning module Android_DXTTargetPlatform (89)
[2018.01.01-22.17.41:974][155]LogModuleManager: Shutting down and abandoning module Android_ATCTargetPlatform (87)
[2018.01.01-22.17.41:974][155]LogModuleManager: Shutting down and abandoning module Android_ASTCTargetPlatform (85)
[2018.01.01-22.17.41:974][155]LogModuleManager: Shutting down and abandoning module WindowsTargetPlatform (83)
[2018.01.01-22.17.41:974][155]LogModuleManager: Shutting down and abandoning module WindowsServerTargetPlatform (81)
[2018.01.01-22.17.41:974][155]LogModuleManager: Shutting down and abandoning module WindowsNoEditorTargetPlatform (79)
[2018.01.01-22.17.41:974][155]LogModuleManager: Shutting down and abandoning module WindowsClientTargetPlatform (77)
[2018.01.01-22.17.41:974][155]LogModuleManager: Shutting down and abandoning module MacTargetPlatform (75)
[2018.01.01-22.17.41:974][155]LogModuleManager: Shutting down and abandoning module MacServerTargetPlatform (73)
[2018.01.01-22.17.41:974][155]LogModuleManager: Shutting down and abandoning module MacNoEditorTargetPlatform (71)
[2018.01.01-22.17.41:974][155]LogModuleManager: Shutting down and abandoning module MacClientTargetPlatform (69)
[2018.01.01-22.17.41:974][155]LogModuleManager: Shutting down and abandoning module AllDesktopTargetPlatform (67)
[2018.01.01-22.17.41:974][155]LogModuleManager: Shutting down and abandoning module InputCore (64)
[2018.01.01-22.17.41:974][155]LogModuleManager: Shutting down and abandoning module Settings (62)
[2018.01.01-22.17.41:974][155]LogModuleManager: Shutting down and abandoning module PhysXCooking (60)
[2018.01.01-22.17.41:974][155]LogModuleManager: Shutting down and abandoning module SteamVR (58)
[2018.01.01-22.17.41:974][155]LogModuleManager: Shutting down and abandoning module OculusHMD (56)
[2018.01.01-22.17.41:974][155]LogModuleManager: Shutting down and abandoning module ExampleDeviceProfileSelector (54)
[2018.01.01-22.17.41:974][155]LogModuleManager: Shutting down and abandoning module AppleARKit (52)
[2018.01.01-22.17.41:974][155]LogModuleManager: Shutting down and abandoning module AugmentedReality (51)
[2018.01.01-22.17.41:974][155]LogModuleManager: Shutting down and abandoning module OnlineBlueprintSupport (48)
[2018.01.01-22.17.41:974][155]LogModuleManager: Shutting down and abandoning module OnlineSubsystem (44)
[2018.01.01-22.17.41:974][155]LogModuleManager: Shutting down and abandoning module XMPP (43)
[2018.01.01-22.17.41:974][155]LogModuleManager: Shutting down and abandoning module HTTP (41)
[2018.01.01-22.17.41:974][155]LogHttp: Display: Http module shutting down, but needs to wait on 1 outstanding Http requests:
[2018.01.01-22.17.41:974][155]LogHttp: Display: 	verb=[POST] url=[https://datarouter.ol.epicgames.com/datarouter/api/v1/public/data?SessionID=%7B1CFF11F3-4AAA-D9A1-471A-078475C41343%7D&AppID=UEEditor.Rocket.Release&AppVersion=4.18.2-3794801%2B%2B%2BUE4%2BRelease-4.18&UserID=67300ed14ba53a64f1099e8c44f687ad%7C82c4b309afb946f78d20479a04857cac%7Cf4a11d03-305d-4dbc-b069-0e0f7d46474f&AppEnvironment=datacollector-binary&UploadType=eteventstream] status=Processing
[2018.01.01-22.17.41:993][155]LogModuleManager: Shutting down and abandoning module SSL (40)
[2018.01.01-22.17.41:994][155]LogModuleManager: Shutting down and abandoning module AnimationModifiers (36)
[2018.01.01-22.17.41:994][155]LogModuleManager: Shutting down and abandoning module PropertyEditor (35)
[2018.01.01-22.17.41:995][155]LogModuleManager: Shutting down and abandoning module AudioEditor (32)
[2018.01.01-22.17.41:995][155]LogModuleManager: Shutting down and abandoning module TextureCompressor (30)
[2018.01.01-22.17.41:995][155]LogModuleManager: Shutting down and abandoning module ShaderCore (28)
[2018.01.01-22.17.41:995][155]LogModuleManager: Shutting down and abandoning module Landscape (26)
[2018.01.01-22.17.41:995][155]LogModuleManager: Shutting down and abandoning module SlateRHIRenderer (24)
[2018.01.01-22.17.41:995][155]LogModuleManager: Shutting down and abandoning module OpenGLDrv (22)
[2018.01.01-22.17.41:995][155]LogModuleManager: Shutting down and abandoning module D3D11RHI (20)
[2018.01.01-22.17.41:995][155]LogModuleManager: Shutting down and abandoning module AnimGraphRuntime (18)
[2018.01.01-22.17.41:995][155]LogModuleManager: Shutting down and abandoning module Renderer (16)
[2018.01.01-22.17.41:995][155]LogModuleManager: Shutting down and abandoning module Engine (14)
[2018.01.01-22.17.41:995][155]LogModuleManager: Shutting down and abandoning module CoreUObject (12)
[2018.01.01-22.17.41:996][155]LogModuleManager: Shutting down and abandoning module NetworkFile (10)
[2018.01.01-22.17.41:996][155]LogModuleManager: Shutting down and abandoning module CookedIterativeFile (8)
[2018.01.01-22.17.41:996][155]LogModuleManager: Shutting down and abandoning module StreamingFile (6)
[2018.01.01-22.17.41:996][155]LogModuleManager: Shutting down and abandoning module SandboxFile (4)
[2018.01.01-22.17.41:996][155]LogModuleManager: Shutting down and abandoning module PakFile (2)
[2018.01.01-22.17.42:000][155]LogExit: Exiting.
[2018.01.01-22.17.42:007][155]Log file closed, 01/02/18 00:17:42
